<?xml version="1.0" encoding="UTF-8"?>
<!-- Generated by org.testng.reporters.JUnitXMLReporter -->
<testsuite hostname="MyPrecious" ignored="0" name="Test - 1" tests="1" failures="1" timestamp="07 Sep 2018 06:19:55 GMT" time="45.105" errors="0">
  <testcase name="feature" time="44.821" classname="cucumber.api.testng.AbstractTestNGCucumberTests">
    <failure type="cucumber.runtime.CucumberException" message="java.lang.AssertionError: expected [true] but found [false]">
      <![CDATA[cucumber.runtime.CucumberException: java.lang.AssertionError: expected [true] but found [false]
at cucumber.api.testng.TestNGCucumberRunner.runCucumber(TestNGCucumberRunner.java:69)
at cucumber.api.testng.AbstractTestNGCucumberTests.feature(AbstractTestNGCucumberTests.java:21)
Caused by: java.lang.AssertionError: expected [true] but found [false]
at com.cucumber.bdd.steps.CameraSteps.verify_that_the_second_entry_is(CameraSteps.java:61)
at âœ½.Then : Verify that the second entry is "Nikon D3X"(features/Camera.feature:7)
... Removed 29 stack frames]]>
    </failure>
  </testcase> <!-- feature -->
</testsuite> <!-- Test - 1 -->
